<?xml version="1.0" encoding="UTF-8" ?>
<testsuite errors="0" failures="0" hostname="DESKTOP-4H783LG" name="br.com.vftv.gym.model.UserTest" skipped="0" tests="2" time="0.235" timestamp="2020-02-09T03:04:08">
  <properties>
    <property name="default.javac.source" value="1.4" />
    <property name="file.encoding.pkg" value="sun.io" />
    <property name="javac.source" value="1.6" />
    <property name="testng.debug.mode" value="" />
    <property name="java.home" value="C:\Program Files\Java\jdk1.8.0_241\jre" />
    <property name="jspc.schemas" value="/resources/schemas/" />
    <property name="test.src.dir" value="test" />
    <property name="sun.java2d.dpiaware" value="true" />
    <property name="javadoc.version" value="false" />
    <property name="do.tmp.war.package.with.custom.manifest" value="true" />
    <property name="java.endorsed.dirs" value="C:\Program Files\Java\jdk1.8.0_241\jre\lib\endorsed" />
    <property name="src.dir" value="src/java" />
    <property name="sun.java2d.noddraw" value="true" />
    <property name="debug-args-line" value="-Xdebug" />
    <property name="source.root" value="src" />
    <property name="netbeans.hash.code" value="unique=NB_EXTIDE_GFMOD_JAVA_WEBCOMMON_WEBEE02c2875da-5a37-4fcb-bfa0-07d7dff2fc5c_b8c5edde-847d-4cd7-9c38-d667bf4e3e07" />
    <property name="have.sources" value="true" />
    <property name="includes" value="**" />
    <property name="javac.fork" value="false" />
    <property name="source.encoding" value="UTF-8" />
    <property name="application.args.param" value="" />
    <property name="sun.os.patch.level" value="" />
    <property name="java.vendor.url" value="http://java.oracle.com/" />
    <property name="java.version" value="1.8.0_241" />
    <property name="nb.show.statistics.ui" value="usageStatisticsEnabled" />
    <property name="build.web.excludes" value="**/*.java,**/*.form" />
    <property name="javac.debug" value="true" />
    <property name="display.browser" value="true" />
    <property name="conf.dir" value="src/conf" />
    <property name="org.openide.major.version" value="IDE/1" />
    <property name="deploy.ant.properties.file" value="C:\Users\thiag\AppData\Roaming\NetBeans\8.0.1\tomcat70.properties" />
    <property name="java.vendor.url.bug" value="http://bugreport.sun.com/bugreport/" />
    <property name="netbeans.autoupdate.variant" value="" />
    <property name="netbeans.buildnumber" value="201408251540" />
    <property name="ant.project.invoked-targets" value="test" />
    <property name="client.urlPart" value="" />
    <property name="annotation.processing.run.all.processors" value="true" />
    <property name="user.name" value="thiag" />
    <property name="j2ee.deploy.on.save" value="true" />
    <property name="empty.dir" value="D:\Data\OneDrive\Documents\gym\build\empty" />
    <property name="has.custom.manifest" value="true" />
    <property name="build.meta.inf.dir" value="build/web/META-INF" />
    <property name="sun.io.unicode.encoding" value="UnicodeLittle" />
    <property name="sun.jnu.encoding" value="Cp1252" />
    <property name="do.war.package.with.custom.manifest" value="true" />
    <property name="java.runtime.name" value="Java(TM) SE Runtime Environment" />
    <property name="jdk.home" value="C:\Program Files\Java\jdk1.8.0_241" />
    <property name="lib.dir" value="web/WEB-INF/lib" />
    <property name="sun.awt.keepWorkingSetOnMinimize" value="true" />
    <property name="netbeans.autoupdate.version" value="1.23" />
    <property name="netbeans.dirs" value="C:\Program Files\NetBeans 8.0.1\nb;C:\Program Files\NetBeans 8.0.1\ergonomics;C:\Program Files\NetBeans 8.0.1\ide;C:\Program Files\NetBeans 8.0.1\extide;C:\Program Files\NetBeans 8.0.1\java;C:\Program Files\NetBeans 8.0.1\apisupport;C:\Program Files\NetBeans 8.0.1\webcommon;C:\Program Files\NetBeans 8.0.1\websvccommon;C:\Program Files\NetBeans 8.0.1\enterprise;C:\Program Files\NetBeans 8.0.1\mobility;C:\Program Files\NetBeans 8.0.1\profiler;C:\Program Files\NetBeans 8.0.1\python;C:\Program Files\NetBeans 8.0.1\php;C:\Program Files\NetBeans 8.0.1\identity;C:\Program Files\NetBeans 8.0.1\harness;C:\Program Files\NetBeans 8.0.1\cnd;C:\Program Files\NetBeans 8.0.1\dlight;C:\Program Files\NetBeans 8.0.1\groovy;C:\Program Files\NetBeans 8.0.1\extra;C:\Program Files\NetBeans 8.0.1\javacard;C:\Program Files\NetBeans 8.0.1\javafx" />
    <property name="java.specification.name" value="Java Platform API Specification" />
    <property name="sun.awt.datatransfer.timeout" value="1000" />
    <property name="javadoc.author" value="false" />
    <property name="ap.proc.none.internal" value="" />
    <property name="user.timezone" value="" />
    <property name="nb.native.filechooser" value="false" />
    <property name="web.docbase.dir" value="web" />
    <property name="org.openide.specification.version" value="6.2" />
    <property name="user.script" value="" />
    <property name="path.separator" value=";" />
    <property name="testng.mode" value="testng" />
    <property name="version-output" value="java version &quot;1.8" />
    <property name="j2ee.server.home" value="C:/xampp/tomcat" />
    <property name="netbeans.accept_license_class" value="org.netbeans.license.AcceptLicense" />
    <property name="file.encoding" value="Cp1252" />
    <property name="dist.javadoc.dir" value="dist/javadoc" />
    <property name="ant.project.default-target" value="default" />
    <property name="sun.java.command" value="org.apache.tools.ant.taskdefs.optional.junit.JUnitTestRunner br.com.vftv.gym.model.UserTest skipNonTests=false filtertrace=true haltOnError=false haltOnFailure=false showoutput=true outputtoformatters=true logfailedtests=true threadid=0 logtestlistenerevents=true formatter=org.apache.tools.ant.taskdefs.optional.junit.BriefJUnitResultFormatter formatter=org.apache.tools.ant.taskdefs.optional.junit.XMLJUnitResultFormatter,D:\Data\OneDrive\Documents\gym\build\test\results\TEST-br.com.vftv.gym.model.UserTest.xml crashfile=D:\Data\OneDrive\Documents\gym\build\junitvmwatcher8501193122152935614.properties propsfile=D:\Data\OneDrive\Documents\gym\build\junit6523152450287434590.properties" />
    <property name="ant.junit.enabletestlistenerevents" value="true" />
    <property name="ant.file" value="D:\Data\OneDrive\Documents\gym\build.xml" />
    <property name="ant.file.type.gym" value="file" />
    <property name="persistence.xml.dir" value="src/conf" />
    <property name="junit.available" value="true" />
    <property name="j2ee.server.instance" value="tomcat70:home=C:\xampp\tomcat" />
    <property name="netbeans.autoupdate.language" value="pt" />
    <property name="java.io.tmpdir" value="C:\Users\thiag\AppData\Local\Temp\" />
    <property name="build.test.results.dir" value="build/test/results" />
    <property name="user.language" value="pt" />
    <property name="line.separator" value="&#xd;&#xa;" />
    <property name="apple.laf.useScreenMenuBar" value="true" />
    <property name="forceRedeploy" value="false" />
    <property name="javac.compilerargs" value="" />
    <property name="war.name" value="gym.war" />
    <property name="jar.compress" value="false" />
    <property name="debug-transport-by-os" value="dt_shmem" />
    <property name="java.vm.info" value="mixed mode" />
    <property name="javadoc.private" value="false" />
    <property name="annotation.processing.processors.list" value="" />
    <property name="sun.desktop" value="windows" />
    <property name="build.test.classes.dir" value="build/test/classes" />
    <property name="java.vm.specification.name" value="Java Virtual Machine Specification" />
    <property name="jspc.dtds" value="/resources/dtds/" />
    <property name="test.binaryexcludes" value="" />
    <property name="netbeans.dynamic.classpath" value="C:\Program Files\NetBeans 8.0.1\platform\core\core.jar;C:\Program Files\NetBeans 8.0.1\platform\core\org-openide-filesystems.jar;C:\Program Files\NetBeans 8.0.1\platform\core\locale\core_ja.jar;C:\Program Files\NetBeans 8.0.1\platform\core\locale\core_pt_BR.jar;C:\Program Files\NetBeans 8.0.1\platform\core\locale\core_ru.jar;C:\Program Files\NetBeans 8.0.1\platform\core\locale\core_zh_CN.jar;C:\Program Files\NetBeans 8.0.1\platform\core\locale\org-openide-filesystems_ja.jar;C:\Program Files\NetBeans 8.0.1\platform\core\locale\org-openide-filesystems_pt_BR.jar;C:\Program Files\NetBeans 8.0.1\platform\core\locale\org-openide-filesystems_ru.jar;C:\Program Files\NetBeans 8.0.1\platform\core\locale\org-openide-filesystems_zh_CN.jar;C:\Program Files\NetBeans 8.0.1\nb\core\org-netbeans-upgrader.jar;C:\Program Files\NetBeans 8.0.1\nb\core\locale\core_nb.jar;C:\Program Files\NetBeans 8.0.1\nb\core\locale\core_nb_ja.jar;C:\Program Files\NetBeans 8.0.1\nb\core\locale\core_nb_pt_BR.jar;C:\Program Files\NetBeans 8.0.1\nb\core\locale\core_nb_ru.jar;C:\Program Files\NetBeans 8.0.1\nb\core\locale\core_nb_zh_CN.jar;C:\Program Files\NetBeans 8.0.1\nb\core\locale\org-netbeans-upgrader_ja.jar;C:\Program Files\NetBeans 8.0.1\nb\core\locale\org-netbeans-upgrader_pt_BR.jar;C:\Program Files\NetBeans 8.0.1\nb\core\locale\org-netbeans-upgrader_ru.jar;C:\Program Files\NetBeans 8.0.1\nb\core\locale\org-netbeans-upgrader_zh_CN.jar" />
    <property name="compile.jsps" value="false" />
    <property name="no.dist.ear.dir" value="true" />
    <property name="platform.active" value="default_platform" />
    <property name="ap.cmd.line.internal" value="" />
    <property name="jdkBug6558476" value="false" />
    <property name="do.display.browser.debug" value="true" />
    <property name="endorsed.classpath" value="${libs.javaee-endorsed-api-6.0.classpath}" />
    <property name="ant.file.type.gym-impl" value="file" />
    <property name="netbeans.autoupdate.country" value="BR" />
    <property name="javadoc.encoding" value="UTF-8" />
    <property name="java.awt.printerjob" value="sun.awt.windows.WPrinterJob" />
    <property name="ap.processors.internal" value="" />
    <property name="ant.version" value="Apache Ant(TM) version 1.9.4 compiled on April 29 2014" />
    <property name="netbeans.home" value="C:\Program Files\NetBeans 8.0.1\platform" />
    <property name="javadoc.nonavbar" value="false" />
    <property name="netbeans.importclass" value="org.netbeans.upgrade.AutoUpgrade" />
    <property name="build.web.dir" value="build/web" />
    <property name="annotation.processing.source.output" value="build/generated-sources/ap-source-output" />
    <property name="j2ee.server.type" value="Tomcat" />
    <property name="build.generated.dir" value="build/generated" />
    <property name="netbeans.home+have.tests" value="true" />
    <property name="apple.awt.graphics.UseQuartz" value="true" />
    <property name="os.name" value="Windows 10" />
    <property name="java.specification.vendor" value="Oracle Corporation" />
    <property name="run.test.classpath" value=":build/web/WEB-INF/classes:lib\hamcrest-core-1.3.jar:lib\junit-4.13.jar:build/test/classes" />
    <property name="nb.wait.for.caches" value="true" />
    <property name="java.vm.name" value="Java HotSpot(TM) 64-Bit Server VM" />
    <property name="org.openide.version" value="deprecated" />
    <property name="sun.awt.enableExtraMouseButtons" value="true" />
    <property name="ap.supported.internal" value="true" />
    <property name="java.library.path" value="C:\Program Files\Java\jdk1.8.0_241\jre\bin;C:\WINDOWS\Sun\Java\bin;C:\WINDOWS\system32;C:\WINDOWS;C:\Program Files (x86)\Common Files\Oracle\Java\javapath;C:\WINDOWS\system32;C:\WINDOWS;C:\WINDOWS\System32\Wbem;C:\WINDOWS\System32\WindowsPowerShell\v1.0\;C:\WINDOWS\System32\OpenSSH\;C:\Program Files\Intel\WiFi\bin\;C:\Program Files\Common Files\Intel\WirelessCommon\;C:\Program Files\Git\cmd;C:\Program Files\Microsoft VS Code\bin;c:\php;C:\Users\thiag\AppData\Local\Microsoft\WindowsApps;C:\Program Files\Intel\WiFi\bin\;C:\Program Files\Common Files\Intel\WirelessCommon\;C:\Users\thiag\AppData\Local\GitHubDesktop\bin;." />
    <property name="ant.java.version" value="1.8" />
    <property name="do.tmp.war.package" value="true" />
    <property name="basedir" value="D:\Data\OneDrive\Documents\gym" />
    <property name="javadoc.noindex" value="false" />
    <property name="jna.boot.library.name" value="jnidispatch-410" />
    <property name="java.class.version" value="52.0" />
    <property name="javac.test.classpath" value=":build/web/WEB-INF/classes:lib\hamcrest-core-1.3.jar:lib\junit-4.13.jar" />
    <property name="j2ee.platform" value="1.6-web" />
    <property name="javac.processorpath" value="" />
    <property name="ant.home" value="C:\Program Files\NetBeans 8.0.1\extide\ant" />
    <property name="resource.dir" value="setup" />
    <property name="javadoc.splitindex" value="true" />
    <property name="ant.file.gym" value="D:\Data\OneDrive\Documents\gym\build.xml" />
    <property name="javac.test.processorpath" value=":build/web/WEB-INF/classes:lib\hamcrest-core-1.3.jar:lib\junit-4.13.jar" />
    <property name="no.dependencies" value="false" />
    <property name="javadoc.preview" value="true" />
    <property name="runmain.jvmargs" value="" />
    <property name="test.binarytestincludes" value="" />
    <property name="j2ee.compile.on.save" value="true" />
    <property name="sun.boot.library.path" value="C:\Program Files\Java\jdk1.8.0_241\jre\bin" />
    <property name="nu.validator.spec.alt-advice" value="jar:file:/C:/Program%20Files/NetBeans%208.0.1/ide/modules/ext/validator.jar!/nu/validator/localentities/files/wiki_whatwg_org_wiki_Validator_nu_alt_advice" />
    <property name="build.dir" value="build" />
    <property name="dist.archive.excludes" value="" />
    <property name="war.content.additional" value="" />
    <property name="sun.management.compiler" value="HotSpot 64-Bit Tiered Compilers" />
    <property name="user.variant" value="" />
    <property name="java.awt.graphicsenv" value="sun.awt.Win32GraphicsEnvironment" />
    <property name="javadoc.encoding.used" value="UTF-8" />
    <property name="dist.ear.war" value="dist/gym.war" />
    <property name="javadoc.windowtitle" value="" />
    <property name="j2ee.platform.classpath" value="C:/xampp/tomcat/lib/annotations-api.jar:C:/xampp/tomcat/lib/catalina-ant.jar:C:/xampp/tomcat/lib/catalina-ha.jar:C:/xampp/tomcat/lib/catalina-tribes.jar:C:/xampp/tomcat/lib/catalina.jar:C:/xampp/tomcat/lib/ecj-4.4.2.jar:C:/xampp/tomcat/lib/el-api.jar:C:/xampp/tomcat/lib/jasper-el.jar:C:/xampp/tomcat/lib/jasper.jar:C:/xampp/tomcat/lib/jsp-api.jar:C:/xampp/tomcat/lib/servlet-api.jar:C:/xampp/tomcat/lib/tomcat-api.jar:C:/xampp/tomcat/lib/tomcat-coyote.jar:C:/xampp/tomcat/lib/tomcat-dbcp.jar:C:/xampp/tomcat/lib/tomcat-i18n-de.jar:C:/xampp/tomcat/lib/tomcat-i18n-es.jar:C:/xampp/tomcat/lib/tomcat-i18n-fr.jar:C:/xampp/tomcat/lib/tomcat-i18n-ja.jar:C:/xampp/tomcat/lib/tomcat-i18n-ko.jar:C:/xampp/tomcat/lib/tomcat-i18n-ru.jar:C:/xampp/tomcat/lib/tomcat-i18n-zh-CN.jar:C:/xampp/tomcat/lib/tomcat-jdbc.jar:C:/xampp/tomcat/lib/tomcat-util.jar:C:/xampp/tomcat/lib/tomcat7-websocket.jar:C:/xampp/tomcat/lib/websocket-api.jar" />
    <property name="netbeans.productversion" value="NetBeans IDE 8.0.1 (Build 201408251540)" />
    <property name="webinf.dir" value="web/WEB-INF" />
    <property name="run.jvmargs.ide" value="" />
    <property name="annotation.processing.enabled" value="true" />
    <property name="file.reference.junit-4.13.jar" value="lib\junit-4.13.jar" />
    <property name="build.generated.sources.dir" value="build/generated-sources" />
    <property name="nb.junit.single" value="false" />
    <property name="build.compiler.emacs" value="true" />
    <property name="ant.project.name" value="gym" />
    <property name="nu.validator.spec.microsyntax-descriptions" value="jar:file:/C:/Program%20Files/NetBeans%208.0.1/ide/modules/ext/validator.jar!/nu/validator/localentities/files/wiki_whatwg_org_wiki_MicrosyntaxDescriptions" />
    <property name="java.vm.specification.version" value="1.8" />
    <property name="j2ee.copy.static.files.on.save" value="true" />
    <property name="awt.toolkit" value="sun.awt.windows.WToolkit" />
    <property name="javadoc.use" value="true" />
    <property name="sun.cpu.isalist" value="amd64" />
    <property name="java.ext.dirs" value="C:\Program Files\Java\jdk1.8.0_241\jre\lib\ext;C:\WINDOWS\Sun\Java\lib\ext" />
    <property name="os.version" value="10.0" />
    <property name="netbeans.default_userdir_root" value="C:\Users\thiag\AppData\Roaming\NetBeans" />
    <property name="excludes" value="" />
    <property name="user.home" value="C:\Users\thiag" />
    <property name="org.xml.sax.driver" value="com.sun.org.apache.xerces.internal.jaxp.SAXParserImpl$JAXPSAXParser" />
    <property name="java.vm.vendor" value="Oracle Corporation" />
    <property name="user.dir" value="D:\Data\OneDrive\Documents\gym" />
    <property name="debug-transport" value="dt_shmem" />
    <property name="sun.cpu.endian" value="little" />
    <property name="ignore.failing.tests" value="true" />
    <property name="endorsed.classpath.cmd.line.arg" value="-Xbootclasspath/p:&apos;D:\Data\OneDrive\Documents\gym\${libs.javaee-endorsed-api-6.0.classpath}&apos;" />
    <property name="java.vm.version" value="25.241-b07" />
    <property name="test.binaryincludes" value="&lt;nothing&gt;" />
    <property name="dist.war" value="dist/gym.war" />
    <property name="java.class.path" value="D:\Data\OneDrive\Documents\gym\build\web\WEB-INF\classes;D:\Data\OneDrive\Documents\gym\lib\hamcrest-core-1.3.jar;D:\Data\OneDrive\Documents\gym\lib\junit-4.13.jar;D:\Data\OneDrive\Documents\gym\build\test\classes;C:\xampp\tomcat\lib\annotations-api.jar;C:\xampp\tomcat\lib\catalina-ant.jar;C:\xampp\tomcat\lib\catalina-ha.jar;C:\xampp\tomcat\lib\catalina-tribes.jar;C:\xampp\tomcat\lib\catalina.jar;C:\xampp\tomcat\lib\ecj-4.4.2.jar;C:\xampp\tomcat\lib\el-api.jar;C:\xampp\tomcat\lib\jasper-el.jar;C:\xampp\tomcat\lib\jasper.jar;C:\xampp\tomcat\lib\jsp-api.jar;C:\xampp\tomcat\lib\servlet-api.jar;C:\xampp\tomcat\lib\tomcat-api.jar;C:\xampp\tomcat\lib\tomcat-coyote.jar;C:\xampp\tomcat\lib\tomcat-dbcp.jar;C:\xampp\tomcat\lib\tomcat-i18n-de.jar;C:\xampp\tomcat\lib\tomcat-i18n-es.jar;C:\xampp\tomcat\lib\tomcat-i18n-fr.jar;C:\xampp\tomcat\lib\tomcat-i18n-ja.jar;C:\xampp\tomcat\lib\tomcat-i18n-ko.jar;C:\xampp\tomcat\lib\tomcat-i18n-ru.jar;C:\xampp\tomcat\lib\tomcat-i18n-zh-CN.jar;C:\xampp\tomcat\lib\tomcat-jdbc.jar;C:\xampp\tomcat\lib\tomcat-util.jar;C:\xampp\tomcat\lib\tomcat7-websocket.jar;C:\xampp\tomcat\lib\websocket-api.jar;C:\Program Files\NetBeans 8.0.1\extide\ant\lib\ant-launcher.jar;C:\Program Files\NetBeans 8.0.1\extide\ant\lib\ant.jar;C:\Program Files\NetBeans 8.0.1\extide\ant\lib\ant-junit.jar;C:\Program Files\NetBeans 8.0.1\extide\ant\lib\ant-junit4.jar" />
    <property name="nb.internal.action.name" value="test" />
    <property name="os.arch" value="amd64" />
    <property name="javac.deprecation" value="false" />
    <property name="build.classes.excludes" value="**/*.java,**/*.form" />
    <property name="dist.dir" value="dist" />
    <property name="debug.classpath" value="build/web/WEB-INF/classes:" />
    <property name="netbeans.user" value="C:\Users\thiag\AppData\Roaming\NetBeans\8.0.1" />
    <property name="sun.java.launcher" value="SUN_STANDARD" />
    <property name="do.display.browser" value="true" />
    <property name="annotation.processing.enabled.in.editor" value="true" />
    <property name="file.reference.hamcrest-core-1.3.jar" value="lib\hamcrest-core-1.3.jar" />
    <property name="ant.core.lib" value="C:\Program Files\NetBeans 8.0.1\extide\ant\lib\ant.jar" />
    <property name="java.vm.specification.vendor" value="Oracle Corporation" />
    <property name="file.separator" value="\" />
    <property name="ant.file.gym-impl" value="D:\Data\OneDrive\Documents\gym\nbproject\build-impl.xml" />
    <property name="java.runtime.version" value="1.8.0_241-b07" />
    <property name="sun.boot.class.path" value="D:\Data\OneDrive\Documents\gym\${libs.javaee-endorsed-api-6.0.classpath};C:\Program Files\Java\jdk1.8.0_241\jre\lib\resources.jar;C:\Program Files\Java\jdk1.8.0_241\jre\lib\rt.jar;C:\Program Files\Java\jdk1.8.0_241\jre\lib\sunrsasign.jar;C:\Program Files\Java\jdk1.8.0_241\jre\lib\jsse.jar;C:\Program Files\Java\jdk1.8.0_241\jre\lib\jce.jar;C:\Program Files\Java\jdk1.8.0_241\jre\lib\charsets.jar;C:\Program Files\Java\jdk1.8.0_241\jre\lib\jfr.jar;C:\Program Files\Java\jdk1.8.0_241\jre\classes" />
    <property name="debug.test.classpath" value=":build/web/WEB-INF/classes:lib\hamcrest-core-1.3.jar:lib\junit-4.13.jar:build/test/classes" />
    <property name="nb.junit.batch" value="true" />
    <property name="have.tests" value="true" />
    <property name="java.util.logging.config.class" value="org.netbeans.core.startup.TopLogging" />
    <property name="user.country" value="BR" />
    <property name="browser.context" value="D:\Data\OneDrive\Documents\gym" />
    <property name="javadoc.notree" value="false" />
    <property name="do.debug.server" value="true" />
    <property name="default.javac.target" value="1.4" />
    <property name="javac.classpath" value="" />
    <property name="javadoc.additionalparam" value="" />
    <property name="build.classes.dir" value="build/web/WEB-INF/classes" />
    <property name="java.vendor" value="Oracle Corporation" />
    <property name="javac.target" value="1.6" />
    <property name="org.openide.awt.ActionReference.completion" value="org.netbeans.modules.apisupport.project.layers.PathCompletions" />
    <property name="java.specification.version" value="1.8" />
    <property name="war.ear.name" value="gym.war" />
    <property name="j2ee.platform.embeddableejb.classpath" value="" />
    <property name="sun.arch.data.model" value="64" />
  </properties>
  <testcase classname="br.com.vftv.gym.model.UserTest" name="releaseUserNotPaymentOnDay" time="0.125" />
  <testcase classname="br.com.vftv.gym.model.UserTest" name="releaseUserPaymentOnDay" time="0.0" />
  <system-out><![CDATA[]]></system-out>
  <system-err><![CDATA[]]></system-err>
</testsuite>
